2025-08-14 16:21:59.977 [INFO] Database enabled - Host: 0.0.0.0:8080
2025-08-14 16:21:59.977 [INFO] Database: {
        , Pool size: 10
2025-08-14 16:21:59.977 [INFO] Username: webserver (password hidden for security)
2025-08-14 16:21:59.977 [INFO] Configuration loaded successfully from config.json
2025-08-14 16:21:59.977 [INFO] Server: 0.0.0.0:8080
2025-08-14 16:21:59.977 [INFO] Thread pool size: 8
2025-08-14 16:21:59.977 [INFO] Max connections: 1000
2025-08-14 16:21:59.977 [INFO] Document root: ./resources
2025-08-14 16:21:59.977 [INFO] Keep-alive: enabled
2025-08-14 16:21:59.977 [INFO] Max request size: 1024KB
2025-08-14 16:21:59.977 [INFO] Starting WebServer...
2025-08-14 16:21:59.977 [INFO] Database connection pool initialized successfully
2025-08-14 16:21:59.977 [INFO] Server started and listening
2025-08-14 16:21:59.977 [INFO] WebServer started successfully on 0.0.0.0:8080
2025-08-14 16:21:59.977 [INFO] Document root: ./resources
2025-08-14 16:21:59.977 [INFO] Thread pool size: 8
2025-08-14 16:24:16.571 [INFO] Received signal 2, shutting down...
2025-08-14 16:24:16.571 [INFO] Stopping WebServer...
2025-08-14 16:24:16.571 [INFO] WebServer stopped. Total requests processed: 0
2025-08-14 16:24:16.572 [INFO] Server stopped
2025-08-14 16:29:37.357 [INFO] Database enabled - Host: 0.0.0.0:8080
2025-08-14 16:29:37.357 [INFO] Database: {
        , Pool size: 10
2025-08-14 16:29:37.357 [INFO] Username: webserver (password hidden for security)
2025-08-14 16:29:37.357 [INFO] Configuration loaded successfully from config.json
2025-08-14 16:29:37.357 [INFO] Server: 0.0.0.0:8080
2025-08-14 16:29:37.357 [INFO] Thread pool size: 8
2025-08-14 16:29:37.357 [INFO] Max connections: 1000
2025-08-14 16:29:37.357 [INFO] Document root: ./resources
2025-08-14 16:29:37.357 [INFO] Keep-alive: enabled
2025-08-14 16:29:37.357 [INFO] Max request size: 1024KB
2025-08-14 16:29:37.357 [INFO] Starting WebServer...
2025-08-14 16:29:37.357 [INFO] Database connection pool initialized successfully
2025-08-14 16:29:37.357 [INFO] Server started and listening
2025-08-14 16:29:37.357 [INFO] WebServer started successfully on 0.0.0.0:8080
2025-08-14 16:29:37.357 [INFO] Document root: ./resources
2025-08-14 16:29:37.358 [INFO] Thread pool size: 8
2025-08-14 16:32:38.049 [INFO] Received signal 2, shutting down...
2025-08-14 16:32:38.049 [INFO] Stopping WebServer...
2025-08-14 16:32:38.049 [INFO] WebServer stopped. Total requests processed: 0
2025-08-14 16:32:38.049 [INFO] Server stopped
2025-08-14 16:33:01.279 [INFO] Database enabled - Host: 0.0.0.0:1234
2025-08-14 16:33:01.279 [INFO] Database: {
        , Pool size: 10
2025-08-14 16:33:01.279 [INFO] Username: webserver (password hidden for security)
2025-08-14 16:33:01.279 [INFO] Configuration loaded successfully from config.json
2025-08-14 16:33:01.279 [INFO] Server: 0.0.0.0:1234
2025-08-14 16:33:01.279 [INFO] Thread pool size: 8
2025-08-14 16:33:01.279 [INFO] Max connections: 1000
2025-08-14 16:33:01.279 [INFO] Document root: ./resources
2025-08-14 16:33:01.279 [INFO] Keep-alive: enabled
2025-08-14 16:33:01.279 [INFO] Max request size: 1024KB
2025-08-14 16:33:01.279 [INFO] Starting WebServer...
2025-08-14 16:33:01.279 [INFO] Database connection pool initialized successfully
2025-08-14 16:33:01.279 [INFO] Server started and listening
2025-08-14 16:33:01.279 [INFO] WebServer started successfully on 0.0.0.0:1234
2025-08-14 16:33:01.279 [INFO] Document root: ./resources
2025-08-14 16:33:01.279 [INFO] Thread pool size: 8
2025-08-14 16:45:49.600 [INFO] Received signal 2, shutting down...
2025-08-14 16:45:49.600 [INFO] Stopping WebServer...
2025-08-14 16:45:49.600 [INFO] WebServer stopped. Total requests processed: 0
2025-08-14 16:45:49.600 [INFO] Server stopped
2025-08-14 16:45:56.567 [INFO] Database enabled - Host: 0.0.0.0:1234
2025-08-14 16:45:56.568 [INFO] Database: {
        , Pool size: 10
2025-08-14 16:45:56.568 [INFO] Username: webserver (password hidden for security)
2025-08-14 16:45:56.568 [INFO] Configuration loaded successfully from config.json
2025-08-14 16:45:56.568 [INFO] Server: 0.0.0.0:1234
2025-08-14 16:45:56.568 [INFO] Thread pool size: 8
2025-08-14 16:45:56.568 [INFO] Max connections: 1000
2025-08-14 16:45:56.568 [INFO] Document root: ./resources
2025-08-14 16:45:56.568 [INFO] Keep-alive: enabled
2025-08-14 16:45:56.568 [INFO] Max request size: 1024KB
2025-08-14 16:45:56.568 [INFO] Starting WebServer...
2025-08-14 16:45:56.568 [INFO] Database connection pool initialized successfully
2025-08-14 16:45:56.568 [INFO] Server started and listening
2025-08-14 16:45:56.568 [INFO] WebServer started successfully on 0.0.0.0:1234
2025-08-14 16:45:56.568 [INFO] Document root: ./resources/html
2025-08-14 16:45:56.568 [INFO] Thread pool size: 8
2025-08-14 16:49:47.822 [INFO] Received signal 2, shutting down...
2025-08-14 16:49:47.822 [INFO] Stopping WebServer...
2025-08-14 16:49:47.822 [INFO] WebServer stopped. Total requests processed: 0
2025-08-14 16:49:47.822 [INFO] Server stopped
2025-08-14 16:50:16.707 [INFO] Database enabled - Host: 0.0.0.0:1234
2025-08-14 16:50:16.707 [INFO] Database: {
        , Pool size: 10
2025-08-14 16:50:16.707 [INFO] Username: webserver (password hidden for security)
2025-08-14 16:50:16.707 [INFO] Configuration loaded successfully from config.json
2025-08-14 16:50:16.707 [INFO] Server: 0.0.0.0:1234
2025-08-14 16:50:16.707 [INFO] Thread pool size: 8
2025-08-14 16:50:16.707 [INFO] Max connections: 1000
2025-08-14 16:50:16.707 [INFO] Document root: ./resources
2025-08-14 16:50:16.707 [INFO] Keep-alive: enabled
2025-08-14 16:50:16.707 [INFO] Max request size: 1024KB
2025-08-14 16:50:16.707 [INFO] Route added: /
2025-08-14 16:50:16.707 [INFO] Starting WebServer...
2025-08-14 16:50:16.707 [INFO] Database connection pool initialized successfully
2025-08-14 16:50:16.708 [INFO] Server started and listening
2025-08-14 16:50:16.708 [INFO] WebServer started successfully on 0.0.0.0:1234
2025-08-14 16:50:16.708 [INFO] Document root: ./resources
2025-08-14 16:50:16.708 [INFO] Thread pool size: 8
2025-08-14 16:51:58.597 [INFO] Received signal 2, shutting down...
2025-08-14 16:51:58.597 [INFO] Stopping WebServer...
2025-08-14 16:51:58.597 [INFO] WebServer stopped. Total requests processed: 0
2025-08-14 16:51:58.597 [INFO] Server stopped
